<?xml version="1.0" encoding="UTF-8"?>
<!-- Generated by org.testng.reporters.JUnitReportReporter -->
<testsuite hostname="LTIN218513" failures="0" tests="3" name="com.Insurance.testRunner.testRun" time="185.922" errors="0" timestamp="2024-02-28T14:49:13 IST" skipped="0">
  <testcase classname="com.Insurance.testRunner.testRun" name="runScenario" time="108.104"/>
  <testcase classname="com.Insurance.testRunner.testRun" name="runScenario" time="31.008"/>
  <testcase classname="com.Insurance.testRunner.testRun" name="runScenario" time="46.810"/>
</testsuite> <!-- com.Insurance.testRunner.testRun -->
